<?xml version="1.0" encoding="UTF-8"?>
<!-- Generated by org.testng.reporters.JUnitReportReporter -->
<testsuite hostname="DESKTOP-7I4U2KQ" failures="0" tests="4" name="comSauceDemoTestClasses.BaseClass2" time="78.874" errors="0" timestamp="2022-05-13T13:54:57 IST" skipped="0">
  <testcase classname="comSauceDemoTestClasses.BaseClass2" name="Verifylogin" time="9.103"/>
  <system-out/>
  <testcase classname="comSauceDemoTestClasses.BaseClass2" name="Addtocart" time="17.459"/>
  <system-out/>
  <testcase classname="comSauceDemoTestClasses.BaseClass2" name="information" time="24.398"/>
  <system-out/>
  <testcase classname="comSauceDemoTestClasses.BaseClass2" name="checkout" time="27.914"/>
  <system-out/>
</testsuite> <!-- comSauceDemoTestClasses.BaseClass2 -->
