<?xml version="1.0" encoding="UTF-8"?>
<!-- Generated by org.testng.reporters.JUnitReportReporter -->
<testsuite hostname="DESKTOP-7I4U2KQ" failures="0" tests="4" name="comSauceDemoTestClasses.BaseClass2" time="78.727" errors="0" timestamp="2022-07-23T15:53:23 IST" skipped="0">
  <testcase classname="comSauceDemoTestClasses.BaseClass2" name="Verifylogin" time="10.419"/>
  <system-out/>
  <testcase classname="comSauceDemoTestClasses.BaseClass2" name="Addtocart" time="17.511"/>
  <system-out/>
  <testcase classname="comSauceDemoTestClasses.BaseClass2" name="information" time="24.454"/>
  <system-out/>
  <testcase classname="comSauceDemoTestClasses.BaseClass2" name="checkout" time="26.343"/>
  <system-out/>
</testsuite> <!-- comSauceDemoTestClasses.BaseClass2 -->
